c:\users\owo\desktop\hyperdma\build\x64\release\obj\hyperv-attachment\vc143.pdb
c:\users\owo\desktop\hyperdma\build\x64\release\obj\hyperv-attachment\violation.obj
c:\users\owo\desktop\hyperdma\build\x64\release\obj\hyperv-attachment\pte.obj
c:\users\owo\desktop\hyperdma\build\x64\release\obj\hyperv-attachment\deep_copy.obj
c:\users\owo\desktop\hyperdma\build\x64\release\obj\hyperv-attachment\cr3.obj
c:\users\owo\desktop\hyperdma\build\x64\release\obj\hyperv-attachment\slat.obj
c:\users\owo\desktop\hyperdma\build\x64\release\obj\hyperv-attachment\hook_entry.obj
c:\users\owo\desktop\hyperdma\build\x64\release\obj\hyperv-attachment\hook.obj
c:\users\owo\desktop\hyperdma\build\x64\release\obj\hyperv-attachment\amd_page_split.obj
c:\users\owo\desktop\hyperdma\build\x64\release\obj\hyperv-attachment\memory_manager.obj
c:\users\owo\desktop\hyperdma\build\x64\release\obj\hyperv-attachment\heap_manager.obj
c:\users\owo\desktop\hyperdma\build\x64\release\obj\hyperv-attachment\main.obj
c:\users\owo\desktop\hyperdma\build\x64\release\obj\hyperv-attachment\interrupts.obj
c:\users\owo\desktop\hyperdma\build\x64\release\obj\hyperv-attachment\network.obj
c:\users\owo\desktop\hyperdma\build\x64\release\obj\hyperv-attachment\dma_handler.obj
c:\users\owo\desktop\hyperdma\build\x64\release\obj\hyperv-attachment\crt.obj
c:\users\owo\desktop\hyperdma\build\x64\release\obj\hyperv-attachment\arch.obj
c:\users\owo\desktop\hyperdma\build\x64\release\obj\hyperv-attachment\apic.obj
c:\users\owo\desktop\hyperdma\build\x64\release\hyperv-attachment.dll
c:\users\owo\desktop\hyperdma\build\x64\release\hyperv-attachment.pdb
c:\users\owo\desktop\hyperdma\build\x64\release\obj\hyperv-attachment\interrupt_entry.obj
c:\users\owo\desktop\hyperdma\build\x64\release\obj\hyperv-attachment\intel_invept.obj
c:\users\owo\desktop\hyperdma\build\x64\release\obj\hyperv-attachment\hyperv-attachment.ipdb
c:\users\owo\desktop\hyperdma\build\x64\release\obj\hyperv-attachment\hyperv-attachment.iobj
c:\users\owo\desktop\hyperdma\\build\x64\release\hyperv-attachment.pdb
c:\users\owo\desktop\hyperdma\\build\x64\release\obj\hyperv-attachment\hyperv-attachment.vcxproj.filelistabsolute.txt
c:\users\owo\desktop\hyperdma\build\x64\release\obj\hyperv-attachment\hyperv-a.13a77c37.tlog\cl.command.1.tlog
c:\users\owo\desktop\hyperdma\build\x64\release\obj\hyperv-attachment\hyperv-a.13a77c37.tlog\cl.items.tlog
c:\users\owo\desktop\hyperdma\build\x64\release\obj\hyperv-attachment\hyperv-a.13a77c37.tlog\cl.read.1.tlog
c:\users\owo\desktop\hyperdma\build\x64\release\obj\hyperv-attachment\hyperv-a.13a77c37.tlog\cl.write.1.tlog
c:\users\owo\desktop\hyperdma\build\x64\release\obj\hyperv-attachment\hyperv-a.13a77c37.tlog\link.command.1.tlog
c:\users\owo\desktop\hyperdma\build\x64\release\obj\hyperv-attachment\hyperv-a.13a77c37.tlog\link.read.1.tlog
c:\users\owo\desktop\hyperdma\build\x64\release\obj\hyperv-attachment\hyperv-a.13a77c37.tlog\link.secondary.1.tlog
c:\users\owo\desktop\hyperdma\build\x64\release\obj\hyperv-attachment\hyperv-a.13a77c37.tlog\link.write.1.tlog
c:\users\owo\desktop\hyperdma\build\x64\release\obj\hyperv-attachment\hyperv-a.13a77c37.tlog\masm.read.1u.tlog
c:\users\owo\desktop\hyperdma\build\x64\release\obj\hyperv-attachment\hyperv-a.13a77c37.tlog\masm.write.1u.tlog
