  Assembling src\interrupts\interrupt_entry.asm...
  Assembling src\slat\cr3\intel_invept.asm...
  apic.cpp
  arch.cpp
  crt.cpp
  dma_handler.cpp
  network.cpp
C:\Users\owo\Desktop\hyperdma\hyperv-attachment\src\network\network.cpp(1,1): warning C4819: 현재 코드 페이지(949)에서 표시할 수 없는 문자가 파일에 들어 있습니다. 데이터가 손실되지 않게 하려면 해당 파일을 유니코드 형식으로 저장하십시오.
C:\Users\owo\Desktop\hyperdma\hyperv-attachment\src\network\packet.h(1,1): warning C4819: 현재 코드 페이지(949)에서 표시할 수 없는 문자가 파일에 들어 있습니다. 데이터가 손실되지 않게 하려면 해당 파일을 유니코드 형식으로 저장하십시오.
  (소스 파일 'src/network/network.cpp'을(를) 컴파일하는 중)
  
C:\Users\owo\Desktop\hyperdma\hyperv-attachment\src\network\ip_frag.h(1,1): warning C4819: 현재 코드 페이지(949)에서 표시할 수 없는 문자가 파일에 들어 있습니다. 데이터가 손실되지 않게 하려면 해당 파일을 유니코드 형식으로 저장하십시오.
  (소스 파일 'src/network/network.cpp'을(를) 컴파일하는 중)
  
C:\Users\owo\Desktop\hyperdma\hyperv-attachment\src\network\network.cpp(698,1): warning C4819: 현재 코드 페이지(949)에서 표시할 수 없는 문자가 파일에 들어 있습니다. 데이터가 손실되지 않게 하려면 해당 파일을 유니코드 형식으로 저장하십시오.
C:\Users\owo\Desktop\hyperdma\hyperv-attachment\src\network\network.cpp(1413,1): warning C4819: 현재 코드 페이지(949)에서 표시할 수 없는 문자가 파일에 들어 있습니다. 데이터가 손실되지 않게 하려면 해당 파일을 유니코드 형식으로 저장하십시오.
C:\Users\owo\Desktop\hyperdma\hyperv-attachment\src\network\network.cpp(2051,1): warning C4819: 현재 코드 페이지(949)에서 표시할 수 없는 문자가 파일에 들어 있습니다. 데이터가 손실되지 않게 하려면 해당 파일을 유니코드 형식으로 저장하십시오.
  interrupts.cpp
  main.cpp
  heap_manager.cpp
  memory_manager.cpp
  amd_page_split.cpp
  hook.cpp
  hook_entry.cpp
  slat.cpp
  cr3.cpp
  deep_copy.cpp
  pte.cpp
  violation.cpp
  코드를 생성하고 있습니다.
  Previous IPDB not found, fall back to full compilation.
  All 154 functions were compiled because no usable IPDB/IOBJ from previous compilation was found.
  코드를 생성했습니다.
  hyperv-attachment.vcxproj -> C:\Users\owo\Desktop\hyperdma\build\x64\Release\hyperv-attachment.dll
