c:\users\owo\desktop\hyperdma\build\x64\release\obj\uefi-boot\vc143.pdb
c:\users\owo\desktop\hyperdma\build\x64\release\obj\uefi-boot\memset.obj
c:\users\owo\desktop\hyperdma\build\x64\release\obj\uefi-boot\hyperv_attachment.obj
c:\users\owo\desktop\hyperdma\build\x64\release\obj\uefi-boot\hvloader.obj
c:\users\owo\desktop\hyperdma\build\x64\release\obj\uefi-boot\image.obj
c:\users\owo\desktop\hyperdma\build\x64\release\obj\uefi-boot\bootmgfw.obj
c:\users\owo\desktop\hyperdma\build\x64\release\obj\uefi-boot\disk.obj
c:\users\owo\desktop\hyperdma\build\x64\release\obj\uefi-boot\memory_manager.obj
c:\users\owo\desktop\hyperdma\build\x64\release\obj\uefi-boot\winload.obj
c:\users\owo\desktop\hyperdma\build\x64\release\obj\uefi-boot\main.obj
c:\users\owo\desktop\hyperdma\build\x64\release\obj\uefi-boot\hooks.obj
c:\users\owo\desktop\hyperdma\build\x64\release\uefi-boot.efi
c:\users\owo\desktop\hyperdma\build\x64\release\uefi-boot.pdb
c:\users\owo\desktop\hyperdma\build\x64\release\obj\uefi-boot\uefi-boot.ipdb
c:\users\owo\desktop\hyperdma\build\x64\release\obj\uefi-boot\uefi-boot.iobj
c:\users\owo\desktop\hyperdma\\build\x64\release\uefi-boot.pdb
c:\users\owo\desktop\hyperdma\\build\x64\release\obj\uefi-boot\uefi-boot.vcxproj.filelistabsolute.txt
c:\users\owo\desktop\hyperdma\build\x64\release\obj\uefi-boot\uefi-boot.tlog\cl.command.1.tlog
c:\users\owo\desktop\hyperdma\build\x64\release\obj\uefi-boot\uefi-boot.tlog\cl.items.tlog
c:\users\owo\desktop\hyperdma\build\x64\release\obj\uefi-boot\uefi-boot.tlog\cl.read.1.tlog
c:\users\owo\desktop\hyperdma\build\x64\release\obj\uefi-boot\uefi-boot.tlog\cl.write.1.tlog
c:\users\owo\desktop\hyperdma\build\x64\release\obj\uefi-boot\uefi-boot.tlog\link.command.1.tlog
c:\users\owo\desktop\hyperdma\build\x64\release\obj\uefi-boot\uefi-boot.tlog\link.read.1.tlog
c:\users\owo\desktop\hyperdma\build\x64\release\obj\uefi-boot\uefi-boot.tlog\link.secondary.1.tlog
c:\users\owo\desktop\hyperdma\build\x64\release\obj\uefi-boot\uefi-boot.tlog\link.write.1.tlog
